<?xml version="1.0" encoding="UTF-8"?>
<!-- Generated by org.testng.reporters.JUnitXMLReporter -->
<testsuite ignored="0" hostname="JonesPC" failures="0" tests="1" name="CheckboxesTests-iOS" time="1.307" errors="0" timestamp="30 Aug 2020 07:30:09 GMT">
  <testcase classname="com.herokuapp.theinternet.base.BaseTest" name="@BeforeMethod setUp" time="1.284">
    <failure type="org.openqa.selenium.SessionNotCreatedException" message="session not created: This version of ChromeDriver only supports Chrome version 83
Build info: version: &amp;apos;3.14.0&amp;apos;, revision: &amp;apos;aacccce0&amp;apos;, time: &amp;apos;2018-08-02T20:19:58.91Z&amp;apos;
System info: host: &amp;apos;JONESPC&amp;apos;, ip: &amp;apos;192.168.1.4&amp;apos;, os.name: &amp;apos;Windows 10&amp;apos;, os.arch: &amp;apos;amd64&amp;apos;, os.version: &amp;apos;10.0&amp;apos;, java.version: &amp;apos;11.0.8&amp;apos;
Driver info: driver.version: ChromeDriver
remote stacktrace: Backtrace:
	Ordinal0 [0x01019563+2725219]
	Ordinal0 [0x00F18551+1672529]
	Ordinal0 [0x00E00359+525145]
	Ordinal0 [0x00D90B77+68471]
	Ordinal0 [0x00D8D32C+54060]
	Ordinal0 [0x00DACC37+183351]
	Ordinal0 [0x00DACA3D+182845]
	Ordinal0 [0x00DAA94B+174411]
	Ordinal0 [0x00D92528+75048]
	Ordinal0 [0x00D935A0+79264]
	Ordinal0 [0x00D93539+79161]
	Ordinal0 [0x00F2D607+1758727]
	GetHandleVerifier [0x01136546+1050150]
	GetHandleVerifier [0x01136291+1049457]
	GetHandleVerifier [0x011410D7+1094071]
	GetHandleVerifier [0x01136B46+1051686]
	Ordinal0 [0x00F25B06+1727238]
	Ordinal0 [0x00F2EB7B+1764219]
	Ordinal0 [0x00F2ECE3+1764579]
	Ordinal0 [0x00F44C05+1854469]
	BaseThreadInitThunk [0x772CF989+25]
	RtlGetAppContainerNamedObjectPath [0x77B974A4+228]
	RtlGetAppContainerNamedObjectPath [0x77B97474+180]
">
      <![CDATA[org.openqa.selenium.SessionNotCreatedException: session not created: This version of ChromeDriver only supports Chrome version 83
Build info: version: '3.14.0', revision: 'aacccce0', time: '2018-08-02T20:19:58.91Z'
System info: host: 'JONESPC', ip: '192.168.1.4', os.name: 'Windows 10', os.arch: 'amd64', os.version: '10.0', java.version: '11.0.8'
Driver info: driver.version: ChromeDriver
remote stacktrace: Backtrace:
Ordinal0 [0x01019563+2725219]
Ordinal0 [0x00F18551+1672529]
Ordinal0 [0x00E00359+525145]
Ordinal0 [0x00D90B77+68471]
Ordinal0 [0x00D8D32C+54060]
Ordinal0 [0x00DACC37+183351]
Ordinal0 [0x00DACA3D+182845]
Ordinal0 [0x00DAA94B+174411]
Ordinal0 [0x00D92528+75048]
Ordinal0 [0x00D935A0+79264]
Ordinal0 [0x00D93539+79161]
Ordinal0 [0x00F2D607+1758727]
GetHandleVerifier [0x01136546+1050150]
GetHandleVerifier [0x01136291+1049457]
GetHandleVerifier [0x011410D7+1094071]
GetHandleVerifier [0x01136B46+1051686]
Ordinal0 [0x00F25B06+1727238]
Ordinal0 [0x00F2EB7B+1764219]
Ordinal0 [0x00F2ECE3+1764579]
Ordinal0 [0x00F44C05+1854469]
BaseThreadInitThunk [0x772CF989+25]
RtlGetAppContainerNamedObjectPath [0x77B974A4+228]
RtlGetAppContainerNamedObjectPath [0x77B97474+180]

at org.openqa.selenium.remote.W3CHandshakeResponse.lambda$new$0(W3CHandshakeResponse.java:57)
at org.openqa.selenium.remote.W3CHandshakeResponse.lambda$getResponseFunction$2(W3CHandshakeResponse.java:104)
at org.openqa.selenium.remote.ProtocolHandshake.lambda$createSession$0(ProtocolHandshake.java:122)
at java.base/java.util.stream.ReferencePipeline$3$1.accept(ReferencePipeline.java:195)
at java.base/java.util.Spliterators$ArraySpliterator.tryAdvance(Spliterators.java:958)
at java.base/java.util.stream.ReferencePipeline.forEachWithCancel(ReferencePipeline.java:127)
at java.base/java.util.stream.AbstractPipeline.copyIntoWithCancel(AbstractPipeline.java:502)
at java.base/java.util.stream.AbstractPipeline.copyInto(AbstractPipeline.java:488)
at java.base/java.util.stream.AbstractPipeline.wrapAndCopyInto(AbstractPipeline.java:474)
at java.base/java.util.stream.FindOps$FindOp.evaluateSequential(FindOps.java:150)
at java.base/java.util.stream.AbstractPipeline.evaluate(AbstractPipeline.java:234)
at java.base/java.util.stream.ReferencePipeline.findFirst(ReferencePipeline.java:543)
at org.openqa.selenium.remote.ProtocolHandshake.createSession(ProtocolHandshake.java:125)
at org.openqa.selenium.remote.ProtocolHandshake.createSession(ProtocolHandshake.java:73)
at org.openqa.selenium.remote.HttpCommandExecutor.execute(HttpCommandExecutor.java:136)
at org.openqa.selenium.remote.service.DriverCommandExecutor.execute(DriverCommandExecutor.java:83)
at org.openqa.selenium.remote.RemoteWebDriver.execute(RemoteWebDriver.java:548)
at org.openqa.selenium.remote.RemoteWebDriver.startSession(RemoteWebDriver.java:212)
at org.openqa.selenium.remote.RemoteWebDriver.<init>(RemoteWebDriver.java:130)
at org.openqa.selenium.chrome.ChromeDriver.<init>(ChromeDriver.java:181)
at org.openqa.selenium.chrome.ChromeDriver.<init>(ChromeDriver.java:168)
at org.openqa.selenium.chrome.ChromeDriver.<init>(ChromeDriver.java:157)
at com.herokuapp.theinternet.base.BrowserDriverFactory.createChromeWithMobileEmulation(BrowserDriverFactory.java:95)
at com.herokuapp.theinternet.base.BaseTest.setUp(BaseTest.java:36)
... Removed 32 stack frames]]>
    </failure>
  </testcase> <!-- @BeforeMethod setUp -->
  <testcase classname="com.herokuapp.theinternet.base.BaseTest" name="@AfterMethod tearDown" time="0.001">
    <failure type="java.lang.NullPointerException">
      <![CDATA[java.lang.NullPointerException
at com.herokuapp.theinternet.base.BaseTest.tearDown(BaseTest.java:59)
... Removed 28 stack frames]]>
    </failure>
  </testcase> <!-- @AfterMethod tearDown -->
  <testcase classname="com.herokuapp.theinternet.checkboxespagetests.CheckboxesTests" name="selectingTwoCheckboxesTest" time="0.0">
    <skipped/>
  </testcase> <!-- selectingTwoCheckboxesTest -->
</testsuite> <!-- CheckboxesTests-iOS -->
