<?xml version="1.0" encoding="UTF-8"?>
<!-- Generated by org.testng.reporters.JUnitXMLReporter -->
<testsuite hostname="Jones-PC" ignored="0" name="NegativeTests" tests="1" failures="1" timestamp="11 Jul 2019 15:20:31 GMT" time="0.036" errors="0">
  <testcase name="negativelogintest" time="0.0" classname="com.herokuapp.theinternet.NegativeTests">
    <failure type="org.testng.TestNGException" message="
Parameter &amp;apos;username&amp;apos; is required by @Test on method negativelogintest but has not been marked @Optional or defined
in H:\Eclipse_Workspace\selenium-for-beginners\src\test\resources\TestSuites\AllTests.xml">
      <![CDATA[org.testng.TestNGException: 
Parameter 'username' is required by @Test on method negativelogintest but has not been marked @Optional or defined
in H:\Eclipse_Workspace\selenium-for-beginners\src\test\resources\TestSuites\AllTests.xml
... Removed 24 stack frames]]>
    </failure>
  </testcase> <!-- negativelogintest -->
</testsuite> <!-- NegativeTests -->
