<?xml version="1.0" encoding="UTF-8"?>
<!-- Generated by org.testng.reporters.JUnitXMLReporter -->
<testsuite ignored="0" hostname="JonesPC" failures="1" tests="1" name="JSErrorTests" time="11.157" errors="0" timestamp="15 Jul 2020 17:07:07 GMT">
  <testcase classname="com.herokuapp.theinternet.jserrortests.JSErrorTests" name="jsErrorTest" time="0.709">
    <failure type="java.lang.AssertionError" message="The following asserts failed:
	Severe error: http://the-internet.herokuapp.com/javascript_error 6:51 Uncaught TypeError: Cannot read property &amp;apos;xyz&amp;apos; of undefined">
      <![CDATA[java.lang.AssertionError: The following asserts failed:
Severe error: http://the-internet.herokuapp.com/javascript_error 6:51 Uncaught TypeError: Cannot read property 'xyz' of undefined
at com.herokuapp.theinternet.jserrortests.JSErrorTests.jsErrorTest(JSErrorTests.java:33)
... Removed 26 stack frames]]>
    </failure>
  </testcase> <!-- jsErrorTest -->
</testsuite> <!-- JSErrorTests -->
